Daemon loop running...
Daemon loop running...
Daemon loop running...
Daemon loop running...
Daemon loop running...
Daemon loop running...
Daemon loop running...
Daemon loop running...
Daemon loop running...
Daemon loop running...
Daemon loop running...
Daemon loop running...
Daemon loop running...
Daemon loop running...
Daemon loop running...
Daemon loop running...
Daemon loop running...
Daemon loop running...
Daemon loop running...
Daemon loop running...
Daemon loop running...
Daemon loop running...
Daemon loop running...
Daemon loop running...
Daemon loop running...
Daemon loop running...
Daemon loop running...
Daemon loop running...
Daemon loop running...
Daemon loop running...
Daemon loop running...
Daemon loop running...
Daemon loop running...
Daemon loop running...
Daemon loop running...
Error command - invalid command: handle_events_daemon
Error command - invalid command: handle_events_daemon
Error command - invalid command: handle_events_daemon
Error command - invalid command: handle_events_daemon
Parent process exiting
Child PID: 9135
Daemon started
Parent process exiting
Child PID: 9137
Daemon started
Parent process exiting
Child PID: 9154
Daemon started
Parent process exiting
Child PID: 9156
Daemon started
Parent process exiting
Child PID: 9690
Daemon started
Parent process exiting
Child PID: 9696
Daemon started
Parent process exiting
Child PID: 9699
Daemon started
Parent process exiting
Child PID: 9701
Daemon started
Parent process exiting
Child PID: 9703
Daemon started
Parent process exiting
Child PID: 9705
Daemon started
Parent process exiting
Child PID: 9710
Daemon started
Parent process exiting
Child PID: 9713
Daemon started
Parent process exiting
Child PID: 9715
Daemon started
Parent process exiting
Child PID: 9717
Daemon started
Parent process exiting
Child PID: 9722
Daemon started
Parent process exiting
Child PID: 9724
Daemon started
Parent process exiting
Child PID: 9726
Daemon started
Parent process exiting
Child PID: 9728
Daemon started
Parent process exiting
Child PID: 9730
Daemon started
Parent process exiting
Child PID: 9737
Daemon started
Parent process exiting
Child PID: 9739
Daemon started
Parent process exiting
Child PID: 9741
Daemon started
Parent process exiting
Child PID: 9747
Daemon started
Parent process exiting
Child PID: 9750
Daemon started
Parent process exiting
Child PID: 9756
Daemon started
Parent process exiting
Child PID: 9758
Daemon started
Parent process exiting
Child PID: 9760
Daemon started
Parent process exiting
Child PID: 9762
Daemon started
Parent process exiting
Child PID: 9774
Daemon started
Parent process exiting
Child PID: 9780
Daemon started
Parent process exiting
Child PID: 9782
Daemon started
Parent process exiting
Child PID: 9785
Daemon started
Parent process exiting
Child PID: 9787
Daemon started
Parent process exiting
Child PID: 9790
Daemon started
Parent process exiting
Child PID: 9797
Daemon started
Parent process exiting
Child PID: 9799
Daemon started
Parent process exiting
Child PID: 9802
Daemon started
Parent process exiting
Child PID: 9804
Daemon started
Parent process exiting
Child PID: 9806
Daemon started
Parent process exiting
Child PID: 9812
Daemon started
Parent process exiting
Child PID: 9814
Daemon started
Parent process exiting
Child PID: 9816
Daemon started
Parent process exiting
Child PID: 9818
Daemon started
Parent process exiting
Child PID: 9820
Daemon started
Parent process exiting
Child PID: 9830
Daemon started
Parent process exiting
Child PID: 9832
Daemon started
Parent process exiting
Child PID: 9834
Daemon started
Parent process exiting
Child PID: 9836
Daemon started
Parent process exiting
Child PID: 9838
Daemon started
Parent process exiting
Child PID: 9844
Daemon started
Parent process exiting
Child PID: 9846
Daemon started
Parent process exiting
Child PID: 9848
Daemon started
Parent process exiting
Child PID: 9851
Daemon started
Parent process exiting
Child PID: 9869
Daemon started
Parent process exiting
Child PID: 9875
Daemon started
Parent process exiting
Child PID: 9877
Daemon started
Parent process exiting
Child PID: 9879
Daemon started
Parent process exiting
Child PID: 9881
Daemon started
Parent process exiting
Child PID: 9893
Daemon started
Parent process exiting
Child PID: 9895
Daemon started
Parent process exiting
Child PID: 9897
Daemon started
Parent process exiting
Child PID: 9899
Daemon started
Parent process exiting
Child PID: 9902
Daemon started
Parent process exiting
Child PID: 9907
Daemon started
Worker started with PID: 10273
07.04.25 15:13 Я отправил сообщение с праздником получателю с id 1
07.04.25 15:13 Я отправил сообщение с праздником получателю с id 1
07.04.25 15:13 Я отправил сообщение с праздником получателю с id 1
07.04.25 15:13 Я отправил сообщение с праздником получателю с id 1
07.04.25 15:13 Я отправил сообщение с праздником получателю с id 1
07.04.25 15:13 Я отправил сообщение с праздником получателю с id 1
07.04.25 15:13 Я отправил сообщение с праздником получателю с id 1
07.04.25 15:13 Я отправил сообщение с праздником получателю с id 1
07.04.25 15:13 Я отправил сообщение с праздником получателю с id 1
07.04.25 15:13 Я отправил сообщение с праздником получателю с id 1
07.04.25 15:13 Я отправил сообщение с праздником получателю с id 1
07.04.25 15:13 Я отправил сообщение с праздником получателю с id 1
07.04.25 15:13 Я отправил сообщение с праздником получателю с id 1
07.04.25 15:13 Я отправил сообщение с праздником получателю с id 1
07.04.25 15:13 Я отправил сообщение с праздником получателю с id 1
07.04.25 15:13 Я отправил сообщение с праздником получателю с id 1
07.04.25 15:13 Я отправил сообщение с праздником получателю с id 1
07.04.25 15:13 Я отправил сообщение с праздником получателю с id 1
07.04.25 15:13 Я отправил сообщение с праздником получателю с id 1
07.04.25 15:13 Я отправил сообщение с праздником получателю с id 1
07.04.25 15:13 Я отправил сообщение с праздником получателю с id 1
07.04.25 15:13 Я отправил сообщение с праздником получателю с id 1
07.04.25 15:13 Я отправил сообщение с праздником получателю с id 1
07.04.25 15:13 Я отправил сообщение с праздником получателю с id 1
07.04.25 15:13 Я отправил сообщение с праздником получателю с id 1
07.04.25 15:13 Я отправил сообщение с праздником получателю с id 1
07.04.25 15:13 Я отправил сообщение с праздником получателю с id 1
07.04.25 15:13 Я отправил сообщение с праздником получателю с id 1
07.04.25 15:13 Я отправил сообщение с праздником получателю с id 1
07.04.25 15:13 Я отправил сообщение с праздником получателю с id 1
07.04.25 15:13 Я отправил сообщение с праздником получателю с id 1
07.04.25 15:13 Я отправил сообщение с праздником получателю с id 1
07.04.25 15:13 Я отправил сообщение с праздником получателю с id 1
07.04.25 15:13 Я отправил сообщение с праздником получателю с id 1
07.04.25 15:13 Я отправил сообщение с праздником получателю с id 1
07.04.25 15:13 Я отправил сообщение с праздником получателю с id 1
07.04.25 15:13 Я отправил сообщение с праздником получателю с id 1
07.04.25 15:13 Я отправил сообщение с праздником получателю с id 1
07.04.25 15:13 Я отправил сообщение с праздником получателю с id 1
07.04.25 15:13 Я отправил сообщение с праздником получателю с id 1
07.04.25 15:13 Я отправил сообщение с праздником получателю с id 1
07.04.25 15:13 Я отправил сообщение с праздником получателю с id 1
07.04.25 15:13 Я отправил сообщение с праздником получателю с id 1
07.04.25 15:13 Я отправил сообщение с праздником получателю с id 1
07.04.25 15:13 Я отправил сообщение с праздником получателю с id 1
07.04.25 15:13 Я отправил сообщение с праздником получателю с id 1
07.04.25 15:13 Я отправил сообщение с праздником получателю с id 1
07.04.25 15:13 Я отправил сообщение с праздником получателю с id 1
07.04.25 15:13 Я отправил сообщение с праздником получателю с id 1
07.04.25 15:13 Я отправил сообщение с праздником получателю с id 1
07.04.25 15:13 Я отправил сообщение с праздником получателю с id 1
07.04.25 15:13 Я отправил сообщение с праздником получателю с id 1
07.04.25 15:13 Я отправил сообщение с праздником получателю с id 1
07.04.25 15:13 Я отправил сообщение с праздником получателю с id 1
07.04.25 15:13 Я отправил сообщение с праздником получателю с id 1
07.04.25 15:13 Я отправил сообщение с праздником получателю с id 1
07.04.25 15:13 Я отправил сообщение с праздником получателю с id 1
07.04.25 15:13 Я отправил сообщение с праздником получателю с id 1
07.04.25 15:13 Я отправил сообщение с праздником получателю с id 1
07.04.25 15:13 Я отправил сообщение с праздником получателю с id 1
Worker shutting down
