
11.04.25 10:08 Я отправил сообщение Text for test message получателю с id 389495379

11.04.25 10:08 Я отправил сообщение Text for test message получателю с id 389495379

11.04.25 10:08 Я отправил сообщение Text for test message получателю с id 389495379

Message id: 
From user:  with id: 
Text: 

Message id: 
From user:  with id: 
Text: 

Message id: 1
From user:  with id: 389495379
Text: /start

Message id: 21
From user:  with id: 389495379
Text: Test message  from telegram

Message id: 1
From user:  with id: 389495379
Text: /start

Message id: 21
From user:  with id: 389495379
Text: Test message  from telegram

Message id: 22
From user:  with id: 389495379
Text: \test

Message id: 23
From user:  with id: 389495379
Text: /test

Message id: 1
From user:  with id: 389495379
Text: /start

Message id: 21
From user:  with id: 389495379
Text: Test message  from telegram

Message id: 22
From user:  with id: 389495379
Text: \test

Message id: 23
From user:  with id: 389495379
Text: /test

Message id: 24
From user:  with id: 389495379
Text: /gt_messages

События в базе:


1: test message (CRON: * * * * *)

2: test message (CRON: * * * * *)

3: test message (CRON: * * * * *)

started command: save_event

command sussful

События в базе:


1: test message (CRON: * * * * *)

2: test message (CRON: * * * * *)

3: test message (CRON: * * * * *)

4: Хуй (CRON: * * * * *)

События в базе:


1: test message (CRON: * * * * *)

2: test message (CRON: * * * * *)

3: test message (CRON: * * * * *)

4: Хуй (CRON: * * * * *)

started command: save_event

command sussful

started command: save_event

command sussful

События в базе:


1: test message (CRON: * * * * *)


1: test message (CRON: * * * * *)
2: test message (CRON: * * * * *)


1: test message (CRON: * * * * *)
2: test message (CRON: * * * * *)
3: test message (CRON: * * * * *)


1: test message (CRON: * * * * *)
2: test message (CRON: * * * * *)
3: test message (CRON: * * * * *)
4: Хуй (CRON: * * * * *)


1: test message (CRON: * * * * *)
2: test message (CRON: * * * * *)
3: test message (CRON: * * * * *)
4: Хуй (CRON: * * * * *)
5: Член (CRON: * * * * *)


1: test message (CRON: * * * * *)
2: test message (CRON: * * * * *)
3: test message (CRON: * * * * *)
4: Хуй (CRON: * * * * *)
5: Член (CRON: * * * * *)
6: Тест (CRON: * * * * *)


11.04.25 14:57 Я отправил сообщение Text for test message получателю с id 389495379
11.04.25 14:57 Я отправил сообщение Text for test message получателю с id 389495379
11.04.25 14:58 Я отправил сообщение Text for test message получателю с id 389495379
11.04.25 14:58 Я отправил сообщение Text for test message получателю с id 389495379
11.04.25 14:58 Я отправил сообщение Text for test message получателю с id 389495379
11.04.25 14:58 Я отправил сообщение Text for test message получателю с id 389495379
11.04.25 14:58 Я отправил сообщение Text for test message получателю с id 389495379
11.04.25 14:58 Я отправил сообщение Text for test message получателю с id 389495379
11.04.25 14:58 Я отправил сообщение Text for test message получателю с id 389495379
11.04.25 14:58 Я отправил сообщение Text for test message получателю с id 389495379
11.04.25 14:58 Я отправил сообщение Text for test message получателю с id 389495379
11.04.25 14:58 Я отправил сообщение Text for test message получателю с id 389495379
11.04.25 14:59 Я отправил сообщение Text for test message получателю с id 389495379
11.04.25 14:59 Я отправил сообщение Text for test message получателю с id 389495379
11.04.25 14:59 Я отправил сообщение Text for test message получателю с id 389495379
11.04.25 14:59 Я отправил сообщение Text for test message получателю с id 389495379
11.04.25 14:59 Я отправил сообщение Text for test message получателю с id 389495379
События в базе:


1: test message (CRON: * * * * *)
2: test message (CRON: * * * * *)
3: test message (CRON: * * * * *)
4: Хуй (CRON: * * * * *)
5: Член (CRON: * * * * *)
6: Тест (CRON: * * * * *)


События в базе:


1: test message (CRON: * * * * *)
2: test message (CRON: * * * * *)
3: test message (CRON: * * * * *)
4: Хуй (CRON: * * * * *)
5: Член (CRON: * * * * *)
6: Тест (CRON: * * * * *)


11.04.25 15:03 Я отправил сообщение Text for test message получателю с id 389495379
11.04.25 15:03 Я отправил сообщение Text for test message получателю с id 389495379
11.04.25 15:03 Я отправил сообщение Text for test message получателю с id 389495379
Запущен фоновый процесс с PID: 49209
11.04.25 15:13 Я отправил сообщение Text for test message получателю с id 389495379
11.04.25 15:24 Я отправил сообщение Text for test message получателю с id 389495379
11.04.25 15:29 Я отправил сообщение Text for test message получателю с id 389495379
11.04.25 15:30 Я отправил сообщение Text for test message получателю с id 389495379
11.04.25 15:31 Я отправил сообщение Text for test message получателю с id 389495379
Родительский процесс продолжает работать, PID дочернего: 50710
11.04.25 15:34 Я отправил сообщение Text for test message получателю с id 389495379
Родительский процесс продолжает работать, PID дочернего: 51053
11.04.25 15:37 Я отправил сообщение Text for test message получателю с id 389495379
11.04.25 15:37 Я отправил сообщение Text for test message получателю с id 389495379
11.04.25 15:37 Я отправил сообщение Text for test message получателю с id 389495379
11.04.25 15:37 Я отправил сообщение Надо вставить хуй получателю с id 389495379
11.04.25 15:37 Я отправил сообщение Надо подрочить член получателю с id 389495379
11.04.25 15:37 Я отправил сообщение Текст теста получателю с id 389495379
11.04.25 15:37 Я отправил сообщение Text for test message получателю с id 389495379
11.04.25 15:37 Я отправил сообщение Text for test message получателю с id 389495379
11.04.25 15:37 Я отправил сообщение Text for test message получателю с id 389495379
11.04.25 15:37 Я отправил сообщение Надо вставить хуй получателю с id 389495379
11.04.25 15:37 Я отправил сообщение Надо подрочить член получателю с id 389495379
11.04.25 15:37 Я отправил сообщение Текст теста получателю с id 389495379
11.04.25 15:37 Я отправил сообщение Text for test message получателю с id 389495379
11.04.25 15:37 Я отправил сообщение Text for test message получателю с id 389495379
11.04.25 15:37 Я отправил сообщение Text for test message получателю с id 389495379
11.04.25 15:37 Я отправил сообщение Надо вставить хуй получателю с id 389495379
11.04.25 15:37 Я отправил сообщение Надо подрочить член получателю с id 389495379
11.04.25 15:37 Я отправил сообщение Текст теста получателю с id 389495379
11.04.25 15:37 Я отправил сообщение Text for test message получателю с id 389495379
11.04.25 15:37 Я отправил сообщение Text for test message получателю с id 389495379
11.04.25 15:37 Я отправил сообщение Text for test message получателю с id 389495379
11.04.25 15:37 Я отправил сообщение Надо вставить хуй получателю с id 389495379
11.04.25 15:37 Я отправил сообщение Надо подрочить член получателю с id 389495379
11.04.25 15:37 Я отправил сообщение Текст теста получателю с id 389495379
11.04.25 15:37 Я отправил сообщение Text for test message получателю с id 389495379
11.04.25 15:37 Я отправил сообщение Text for test message получателю с id 389495379
11.04.25 15:37 Я отправил сообщение Text for test message получателю с id 389495379
11.04.25 15:37 Я отправил сообщение Надо вставить хуй получателю с id 389495379
11.04.25 15:37 Я отправил сообщение Надо подрочить член получателю с id 389495379
11.04.25 15:37 Я отправил сообщение Текст теста получателю с id 389495379
11.04.25 15:37 Я отправил сообщение Text for test message получателю с id 389495379
11.04.25 15:37 Я отправил сообщение Text for test message получателю с id 389495379
11.04.25 15:37 Я отправил сообщение Text for test message получателю с id 389495379
11.04.25 15:37 Я отправил сообщение Надо вставить хуй получателю с id 389495379
11.04.25 15:37 Я отправил сообщение Надо подрочить член получателю с id 389495379
11.04.25 15:37 Я отправил сообщение Текст теста получателю с id 389495379
11.04.25 15:37 Я отправил сообщение Text for test message получателю с id 389495379
11.04.25 15:37 Я отправил сообщение Text for test message получателю с id 389495379
11.04.25 15:37 Я отправил сообщение Text for test message получателю с id 389495379
11.04.25 15:37 Я отправил сообщение Надо вставить хуй получателю с id 389495379
11.04.25 15:37 Я отправил сообщение Надо подрочить член получателю с id 389495379
11.04.25 15:37 Я отправил сообщение Текст теста получателю с id 389495379
11.04.25 15:37 Я отправил сообщение Text for test message получателю с id 389495379
11.04.25 15:37 Я отправил сообщение Text for test message получателю с id 389495379
11.04.25 15:37 Я отправил сообщение Text for test message получателю с id 389495379
11.04.25 15:37 Я отправил сообщение Надо вставить хуй получателю с id 389495379
11.04.25 15:37 Я отправил сообщение Надо подрочить член получателю с id 389495379
11.04.25 15:37 Я отправил сообщение Текст теста получателю с id 389495379
11.04.25 15:37 Я отправил сообщение Text for test message получателю с id 389495379
11.04.25 15:37 Я отправил сообщение Text for test message получателю с id 389495379
11.04.25 15:37 Я отправил сообщение Text for test message получателю с id 389495379
11.04.25 15:37 Я отправил сообщение Надо вставить хуй получателю с id 389495379
11.04.25 15:37 Я отправил сообщение Надо подрочить член получателю с id 389495379
11.04.25 15:37 Я отправил сообщение Текст теста получателю с id 389495379
11.04.25 15:37 Я отправил сообщение Text for test message получателю с id 389495379
11.04.25 15:37 Я отправил сообщение Text for test message получателю с id 389495379
11.04.25 15:37 Я отправил сообщение Text for test message получателю с id 389495379
11.04.25 15:37 Я отправил сообщение Надо вставить хуй получателю с id 389495379
11.04.25 15:37 Я отправил сообщение Надо подрочить член получателю с id 389495379
11.04.25 15:37 Я отправил сообщение Текст теста получателю с id 389495379
11.04.25 15:37 Я отправил сообщение Text for test message получателю с id 389495379
11.04.25 15:37 Я отправил сообщение Text for test message получателю с id 389495379
11.04.25 15:37 Я отправил сообщение Text for test message получателю с id 389495379
11.04.25 15:37 Я отправил сообщение Надо вставить хуй получателю с id 389495379
11.04.25 15:37 Я отправил сообщение Надо подрочить член получателю с id 389495379
11.04.25 15:37 Я отправил сообщение Текст теста получателю с id 389495379
11.04.25 15:37 Я отправил сообщение Text for test message получателю с id 389495379
11.04.25 15:37 Я отправил сообщение Text for test message получателю с id 389495379
11.04.25 15:37 Я отправил сообщение Text for test message получателю с id 389495379
11.04.25 15:37 Я отправил сообщение Надо вставить хуй получателю с id 389495379
11.04.25 15:37 Я отправил сообщение Надо подрочить член получателю с id 389495379
11.04.25 15:37 Я отправил сообщение Текст теста получателю с id 389495379
11.04.25 15:37 Я отправил сообщение Text for test message получателю с id 389495379
11.04.25 15:37 Я отправил сообщение Text for test message получателю с id 389495379
11.04.25 15:37 Я отправил сообщение Text for test message получателю с id 389495379
11.04.25 15:37 Я отправил сообщение Надо вставить хуй получателю с id 389495379
11.04.25 15:37 Я отправил сообщение Надо подрочить член получателю с id 389495379
11.04.25 15:37 Я отправил сообщение Текст теста получателю с id 389495379
11.04.25 15:38 Я отправил сообщение Text for test message получателю с id 389495379
11.04.25 15:38 Я отправил сообщение Text for test message получателю с id 389495379
11.04.25 15:38 Я отправил сообщение Text for test message получателю с id 389495379
11.04.25 15:38 Я отправил сообщение Надо вставить хуй получателю с id 389495379
11.04.25 15:38 Я отправил сообщение Надо подрочить член получателю с id 389495379
11.04.25 15:38 Я отправил сообщение Текст теста получателю с id 389495379
11.04.25 15:38 Я отправил сообщение Text for test message получателю с id 389495379
11.04.25 15:38 Я отправил сообщение Text for test message получателю с id 389495379
11.04.25 15:38 Я отправил сообщение Text for test message получателю с id 389495379
11.04.25 15:38 Я отправил сообщение Надо вставить хуй получателю с id 389495379
11.04.25 15:38 Я отправил сообщение Надо подрочить член получателю с id 389495379
Родительский процесс продолжает работать, PID дочернего: 51545
11.04.25 15:38 Я отправил сообщение Text for test message получателю с id 389495379
11.04.25 15:38 Я отправил сообщение Text for test message получателю с id 389495379
11.04.25 15:38 Я отправил сообщение Text for test message получателю с id 389495379
11.04.25 15:38 Я отправил сообщение Надо вставить хуй получателю с id 389495379
11.04.25 15:38 Я отправил сообщение Надо подрочить член получателю с id 389495379
11.04.25 15:38 Я отправил сообщение Текст теста получателю с id 389495379
11.04.25 15:39 Я отправил сообщение Text for test message получателю с id 389495379
11.04.25 15:39 Я отправил сообщение Text for test message получателю с id 389495379
11.04.25 15:39 Я отправил сообщение Text for test message получателю с id 389495379
11.04.25 15:39 Я отправил сообщение Надо вставить хуй получателю с id 389495379
11.04.25 15:39 Я отправил сообщение Надо подрочить член получателю с id 389495379
11.04.25 15:39 Я отправил сообщение Текст теста получателю с id 389495379
11.04.25 15:40 Я отправил сообщение Text for test message получателю с id 389495379
11.04.25 15:40 Я отправил сообщение Text for test message получателю с id 389495379
11.04.25 15:40 Я отправил сообщение Text for test message получателю с id 389495379
11.04.25 15:40 Я отправил сообщение Надо вставить хуй получателю с id 389495379
11.04.25 15:40 Я отправил сообщение Надо подрочить член получателю с id 389495379
11.04.25 15:40 Я отправил сообщение Текст теста получателю с id 389495379
Родительский процесс продолжает работать, PID дочернего: 51907
11.04.25 15:42 Я отправил сообщение "Text for test message" получателю с id 389495379
11.04.25 15:42 Я отправил сообщение "Text for test message" получателю с id 389495379
11.04.25 15:42 Я отправил сообщение "Text for test message" получателю с id 389495379
11.04.25 15:42 Я отправил сообщение "Надо вставить хуй" получателю с id 389495379
11.04.25 15:42 Я отправил сообщение "Надо подрочить член" получателю с id 389495379
11.04.25 15:42 Я отправил сообщение "Текст теста" получателю с id 389495379
